Concurrent-Requests CPU Bound is 20
2024-12-30 21:37:26,178 Time Taken when worker class is Sync and no of threads is 2 is 6.464241027832031
2024-12-30 21:37:45,037 Time Taken when worker class is Sync and no of threads is 2 is 6.11828076839447
2024-12-30 21:37:56,624 Time Taken when worker class is Sync and no of threads is 2 is 6.8318886995315555

2024-12-30 21:39:46,169 Time Taken when worker class is Gthread and no of threads is 5 is 7.979738020896912
2024-12-30 21:39:55,795 Time Taken when worker class is Gthread and no of threads is 5 is 8.951504731178284
2024-12-30 21:40:06,022 Time Taken when worker class is Gthread and no of threads is 5 is 8.263228559494019


I/0 Bound Google Api Request Concurrent Requests- 400

2024-12-31 00:43:35,695 Time Taken when worker class is Sync and no of threads is 2 is 38.05746190547943
2024-12-31 00:43:45,756 Time Taken when worker class is Sync and no of threads is 2 is 31.240805983543396
2024-12-31 00:43:55,428 Time Taken when worker class is Sync and no of threads is 2 is 32.234653854370116

2024-12-31 00:44:33,776 Time Taken when worker class is Gthread and no of threads is 5 is 36.609840631484985
2024-12-31 00:44:42,957 Time Taken when worker class is Gthread and no of threads is 5 is 32.16932492256164
2024-12-31 00:44:51,341 Time Taken when worker class is Gthread and no of threads is 5 is 31.580740928649902

Cpu and I/O Bound Requests - 25 each

2024-12-31 09:27:40,180 Time Taken when worker class is Sync and no of threads is 2 is 6.0891704797744755
2024-12-31 09:28:00,365 Time Taken when worker class is Sync and no of threads is 2 is 5.959396743774414
2024-12-31 09:28:11,570 Time Taken when worker class is Sync and no of threads is 2 is 5.954085826873779

2024-12-31 09:33:52,171 Time Taken when worker class is Gthread and no of threads is 5 is 6.057848072052002
2024-12-31 09:34:00,605 Time Taken when worker class is Gthread and no of threads is 5 is 6.048812007904052
2024-12-31 09:34:08,690 Time Taken when worker class is Gthread and no of threads is 5 is 6.0900699377059935

Cpu and I/O Bound Requests - 50 each
2024-12-31 09:46:26,906 Time Taken when worker class is Sync and no of threads is 2 is 23.73125720024109
2024-12-31 09:46:41,927 Time Taken when worker class is Sync and no of threads is 2 is 23.36995906829834
2024-12-31 09:46:59,855 Time Taken when worker class is Sync and no of threads is 2 is 23.463607144355773

2024-12-31 09:48:26,629 Time Taken when worker class is Gthread and no of threads is 10 is 24.55765061378479
2024-12-31 09:48:42,120 Time Taken when worker class is Gthread and no of threads is 10 is 23.54174063205719
2024-12-31 09:48:56,451 Time Taken when worker class is Gthread and no of threads is 10 is 23.307161736488343

Cpu and I/O Bound Requests - 50 each Added time.sleep
2024-12-31 09:55:10,131 Time Taken when worker class is Sync and no of threads is 2 is 250.50994803905488
2024-12-31 10:00:41,813 Time Taken when worker class is Sync and no of threads is 2 is 250.03102123737335
2024-12-31 09:57:01,393 Time Taken when worker class is Gthread and no of threads is 10 is 36.1437793970108
2024-12-31 10:02:30,022 Time Taken when worker class is Gthread and no of threads is 10 is 35.58784008026123
